2021/04/01 22:06:38 {"callers":["/home/wenhao/go/src/awesomeProject/blog/main.go: 25 main.init.0"],"level":"info","message":"eddycjy: go-programming-tour-book/ blog_service","time":1617285998052799868}
2021/04/01 22:28:45 {"callers":["/home/wenhao/go/src/awesomeProject/blog/main.go: 25 main.init.0"],"level":"info","message":"eddycjy: go-programming-tour-book/ blog_service","time":1617287325220040366}
2021/04/03 13:05:36 {"callers":["/home/wenhao/go/src/awesomeProject/blog/main.go: 25 main.init.0"],"level":"info","message":"eddycjy: go-programming-tour-book/ blog_service","time":1617426336903837411}
2021/04/03 13:08:32 {"callers":["/home/wenhao/go/src/awesomeProject/blog/main.go: 25 main.init.0"],"level":"info","message":"eddycjy: go-programming-tour-book/ blog_service","time":1617426512491744349}
2021/04/03 13:11:40 {"callers":["/home/wenhao/go/src/awesomeProject/blog/main.go: 25 main.init.0"],"level":"info","message":"eddycjy: go-programming-tour-book/ blog_service","time":1617426700790685724}
2021/04/05 13:47:37 {"callers":["/home/wenhao/go/src/awesomeProject/blog/main.go: 25 main.init.0"],"level":"info","message":"eddycjy: go-programming-tour-book/ blog_service","time":1617601657843879411}
2021/04/05 14:11:06 {"callers":["/home/wenhao/go/src/awesomeProject/blog/main.go: 25 main.init.0"],"level":"info","message":"eddycjy: go-programming-tour-book/ blog_service","time":1617603066471908408}
2021/04/05 16:34:11 {"callers":["/home/wenhao/go/src/awesomeProject/blog/main.go: 25 main.init.0"],"level":"info","message":"eddycjy: go-programming-tour-book/ blog_service","time":1617611651784278249}
2021/04/05 16:34:56 {"callers":["/home/wenhao/go/src/awesomeProject/blog/main.go: 25 main.init.0"],"level":"error","message":"app.BindAndValue errs : State必须是[0 1]中的一个","time":1617611696272202181}
2021/04/06 11:11:38 {"callers":["/home/wenhao/go/src/awesomeProject/blog/main.go: 25 main.init.0"],"level":"info","message":"eddycjy: go-programming-tour-book/ blog_service","time":1617678698737871906}
2021/04/06 11:13:39 {"callers":["/home/wenhao/go/src/awesomeProject/blog/main.go: 25 main.init.0"],"level":"info","message":"eddycjy: go-programming-tour-book/ blog_service","time":1617678819913617946}
2021/04/06 11:22:32 {"callers":["/home/wenhao/go/src/awesomeProject/blog/main.go: 25 main.init.0"],"level":"info","message":"eddycjy: go-programming-tour-book/ blog_service","time":1617679352342287092}
2021/04/06 11:26:59 {"callers":["/home/wenhao/go/src/awesomeProject/blog/main.go: 25 main.init.0"],"level":"info","message":"eddycjy: go-programming-tour-book/ blog_service","time":1617679619572000250}
2021/04/06 11:29:25 {"callers":["/home/wenhao/go/src/awesomeProject/blog/main.go: 25 main.init.0"],"level":"info","message":"eddycjy: go-programming-tour-book/ blog_service","time":1617679765506688456}
2021/04/06 11:32:14 {"callers":["/home/wenhao/go/src/awesomeProject/blog/main.go: 25 main.init.0"],"level":"error","message":"app.BindAndValue errs:","time":1617679934734594416}
2021/04/06 11:33:11 {"callers":["/home/wenhao/go/src/awesomeProject/blog/main.go: 25 main.init.0"],"level":"error","message":"app.BindAndValue errs:","time":1617679991869808782}
2021/04/06 11:33:39 {"callers":["/home/wenhao/go/src/awesomeProject/blog/main.go: 25 main.init.0"],"level":"error","message":"app.BindAndValue errs:","time":1617680019120690598}
2021/04/06 11:37:35 {"callers":["/home/wenhao/go/src/awesomeProject/blog/main.go: 25 main.init.0"],"level":"error","message":"app.BindAndValue errs:","time":1617680255882189432}
2021/04/06 11:40:07 {"callers":["/home/wenhao/go/src/awesomeProject/blog/main.go: 25 main.init.0"],"level":"error","message":"app.BindAndValue errs:","time":1617680407218021919}
2021/04/06 11:40:13 {"callers":["/home/wenhao/go/src/awesomeProject/blog/main.go: 25 main.init.0"],"level":"error","message":"svc.DeleteTag err: Error 1064: You have an error in your SQL syntax; check the manual that corresponds to your MySQL server version for the right syntax to use near '' at line 1","time":1617680413764331271}
2021/04/06 11:40:32 {"callers":["/home/wenhao/go/src/awesomeProject/blog/main.go: 25 main.init.0"],"level":"error","message":"svc.DeleteTag err: Error 1064: You have an error in your SQL syntax; check the manual that corresponds to your MySQL server version for the right syntax to use near '' at line 1","time":1617680432986397375}
2021/04/06 13:35:36 {"callers":["/home/wenhao/go/src/awesomeProject/blog/main.go: 25 main.init.0"],"level":"info","message":"eddycjy: go-programming-tour-book/ blog_service","time":1617687336282707126}
2021/04/06 13:43:40 {"callers":["/home/wenhao/go/src/awesomeProject/blog/main.go: 25 main.init.0"],"level":"info","message":"eddycjy: go-programming-tour-book/ blog_service","time":1617687820594927451}
2021/04/06 13:44:14 {"callers":["/home/wenhao/go/src/awesomeProject/blog/main.go: 25 main.init.0"],"level":"error","message":"svc.DeleteTag err: Error 1064: You have an error in your SQL syntax; check the manual that corresponds to your MySQL server version for the right syntax to use near '' at line 1","time":1617687854621110049}
2021/04/06 13:46:02 {"callers":["/home/wenhao/go/src/awesomeProject/blog/main.go: 25 main.init.0"],"level":"error","message":"app.BindAndValue errs:","time":1617687962337829967}
2021/04/06 13:46:10 {"callers":["/home/wenhao/go/src/awesomeProject/blog/main.go: 25 main.init.0"],"level":"error","message":"svc.DeleteTag err: Error 1064: You have an error in your SQL syntax; check the manual that corresponds to your MySQL server version for the right syntax to use near '' at line 1","time":1617687970194731457}
2021/04/06 13:46:24 {"callers":["/home/wenhao/go/src/awesomeProject/blog/main.go: 25 main.init.0"],"level":"error","message":"svc.DeleteTag err: Error 1064: You have an error in your SQL syntax; check the manual that corresponds to your MySQL server version for the right syntax to use near '' at line 1","time":1617687984648731010}
2021/04/06 14:03:10 {"callers":["/home/wenhao/go/src/awesomeProject/blog/main.go: 25 main.init.0"],"level":"info","message":"eddycjy: go-programming-tour-book/ blog_service","time":1617688990155306228}
2021/04/06 14:03:43 {"callers":["/home/wenhao/go/src/awesomeProject/blog/main.go: 25 main.init.0"],"level":"error","message":"app.BindAndValue errs:","time":1617689023563954291}
2021/04/06 14:04:29 {"callers":["/home/wenhao/go/src/awesomeProject/blog/main.go: 25 main.init.0"],"level":"error","message":"app.BindAndValue errs:","time":1617689069086934766}
2021/04/06 14:05:58 {"callers":["/home/wenhao/go/src/awesomeProject/blog/main.go: 25 main.init.0"],"level":"info","message":"eddycjy: go-programming-tour-book/ blog_service","time":1617689158300924416}
2021/04/06 14:07:03 {"callers":["/home/wenhao/go/src/awesomeProject/blog/main.go: 25 main.init.0"],"level":"error","message":"app.BindAndValue errs:","time":1617689223889169752}
2021/04/06 14:08:08 {"callers":["/home/wenhao/go/src/awesomeProject/blog/main.go: 25 main.init.0"],"level":"info","message":"eddycjy: go-programming-tour-book/ blog_service","time":1617689288685362495}
2021/04/06 14:10:14 {"callers":["/home/wenhao/go/src/awesomeProject/blog/main.go: 25 main.init.0"],"level":"info","message":"eddycjy: go-programming-tour-book/ blog_service","time":1617689414693593899}
2021/04/06 14:10:47 {"callers":["/home/wenhao/go/src/awesomeProject/blog/main.go: 25 main.init.0"],"level":"error","message":"svc.DeleteTag err: Error 1064: You have an error in your SQL syntax; check the manual that corresponds to your MySQL server version for the right syntax to use near '' at line 1","time":1617689447192916841}
2021/04/06 14:10:57 {"callers":["/home/wenhao/go/src/awesomeProject/blog/main.go: 25 main.init.0"],"level":"error","message":"svc.DeleteTag err: Error 1064: You have an error in your SQL syntax; check the manual that corresponds to your MySQL server version for the right syntax to use near '' at line 1","time":1617689457769354053}
2021/04/06 14:11:08 {"callers":["/home/wenhao/go/src/awesomeProject/blog/main.go: 25 main.init.0"],"level":"error","message":"app.BindAndValue errs:","time":1617689468291008287}
2021/04/06 14:11:22 {"callers":["/home/wenhao/go/src/awesomeProject/blog/main.go: 25 main.init.0"],"level":"error","message":"app.BindAndValue errs:","time":1617689482818808567}
2021/04/06 14:11:28 {"callers":["/home/wenhao/go/src/awesomeProject/blog/main.go: 25 main.init.0"],"level":"error","message":"svc.DeleteTag err: Error 1064: You have an error in your SQL syntax; check the manual that corresponds to your MySQL server version for the right syntax to use near '' at line 1","time":1617689488772572630}
2021/04/06 14:11:33 {"callers":["/home/wenhao/go/src/awesomeProject/blog/main.go: 25 main.init.0"],"level":"error","message":"svc.DeleteTag err: Error 1064: You have an error in your SQL syntax; check the manual that corresponds to your MySQL server version for the right syntax to use near '' at line 1","time":1617689493582743951}
2021/04/06 14:23:07 {"callers":["/home/wenhao/go/src/awesomeProject/blog/main.go: 25 main.init.0"],"level":"error","message":"svc.DeleteTag err: Error 1064: You have an error in your SQL syntax; check the manual that corresponds to your MySQL server version for the right syntax to use near '' at line 1","time":1617690187389081433}
2021/04/06 14:23:10 {"callers":["/home/wenhao/go/src/awesomeProject/blog/main.go: 25 main.init.0"],"level":"error","message":"svc.DeleteTag err: Error 1064: You have an error in your SQL syntax; check the manual that corresponds to your MySQL server version for the right syntax to use near '' at line 1","time":1617690190710987525}
2021/04/06 14:23:22 {"callers":["/home/wenhao/go/src/awesomeProject/blog/main.go: 25 main.init.0"],"level":"error","message":"app.BindAndValue errs:","time":1617690202428427842}
2021/04/06 14:23:28 {"callers":["/home/wenhao/go/src/awesomeProject/blog/main.go: 25 main.init.0"],"level":"error","message":"svc.DeleteTag err: Error 1064: You have an error in your SQL syntax; check the manual that corresponds to your MySQL server version for the right syntax to use near '' at line 1","time":1617690208438125186}
2021/04/06 14:23:52 {"callers":["/home/wenhao/go/src/awesomeProject/blog/main.go: 25 main.init.0"],"level":"error","message":"svc.DeleteTag err: Error 1064: You have an error in your SQL syntax; check the manual that corresponds to your MySQL server version for the right syntax to use near '' at line 1","time":1617690232412400507}
2021/04/06 14:23:56 {"callers":["/home/wenhao/go/src/awesomeProject/blog/main.go: 25 main.init.0"],"level":"error","message":"svc.DeleteTag err: Error 1064: You have an error in your SQL syntax; check the manual that corresponds to your MySQL server version for the right syntax to use near '' at line 1","time":1617690236066155189}
2021/04/06 14:24:20 {"callers":["/home/wenhao/go/src/awesomeProject/blog/main.go: 25 main.init.0"],"level":"error","message":"svc.DeleteTag err: Error 1064: You have an error in your SQL syntax; check the manual that corresponds to your MySQL server version for the right syntax to use near '' at line 1","time":1617690260482981658}
2021/04/06 14:29:04 {"callers":["/home/wenhao/go/src/awesomeProject/blog/main.go: 25 main.init.0"],"level":"error","message":"svc.DeleteTag err: Error 1064: You have an error in your SQL syntax; check the manual that corresponds to your MySQL server version for the right syntax to use near '' at line 1","time":1617690544491345417}
2021/04/06 14:34:11 {"callers":["/home/wenhao/go/src/awesomeProject/blog/main.go: 25 main.init.0"],"level":"info","message":"eddycjy: go-programming-tour-book/ blog_service","time":1617690851092881461}
2021/04/06 14:36:17 {"callers":["/home/wenhao/go/src/awesomeProject/blog/main.go: 25 main.init.0"],"level":"error","message":"app.BindAndValue errs:","time":1617690977588774705}
2021/04/06 14:37:45 {"callers":["/home/wenhao/go/src/awesomeProject/blog/main.go: 25 main.init.0"],"level":"error","message":"app.BindAndValue errs:","time":1617691065422396395}
2021/04/07 22:31:56 {"callers":["/home/wenhao/go/src/awesomeProject/blog/main.go: 25 main.init.0"],"level":"info","message":"eddycjy: go-programming-tour-book/ blog_service","time":1617805916923553756}
2021/04/07 22:59:15 {"callers":["/home/wenhao/go/src/awesomeProject/blog/main.go: 25 main.init.0"],"level":"error","message":"app.BindAndValid errs: ","time":1617807555598895985}
2021/04/07 22:59:46 {"callers":["/home/wenhao/go/src/awesomeProject/blog/main.go: 25 main.init.0"],"level":"error","message":"app.BindAndValid errs: ","time":1617807586853192319}
2021/04/07 23:00:13 {"callers":["/home/wenhao/go/src/awesomeProject/blog/main.go: 25 main.init.0"],"level":"error","message":"app.BindAndValid errs: ","time":1617807613860549692}
2021/04/07 23:00:19 {"callers":["/home/wenhao/go/src/awesomeProject/blog/main.go: 25 main.init.0"],"level":"error","message":"app.BindAndValid errs: ","time":1617807619438691898}
2021/04/07 23:00:23 {"callers":["/home/wenhao/go/src/awesomeProject/blog/main.go: 25 main.init.0"],"level":"error","message":"svc.DeleteArticle err :Error 1064: You have an error in your SQL syntax; check the manual that corresponds to your MySQL server version for the right syntax to use near '' at line 1","time":1617807623317836549}
2021/04/07 23:03:24 {"callers":["/home/wenhao/go/src/awesomeProject/blog/main.go: 25 main.init.0"],"level":"error","message":"app.BindAndValid errs: ","time":1617807804625513210}
2021/04/07 23:04:11 {"callers":["/home/wenhao/go/src/awesomeProject/blog/main.go: 25 main.init.0"],"level":"error","message":"app.BindAndValid errs: ","time":1617807851211205932}
2021/04/07 23:04:32 {"callers":["/home/wenhao/go/src/awesomeProject/blog/main.go: 25 main.init.0"],"level":"error","message":"app.BindAndValid errs: ","time":1617807872413266027}
2021/04/07 23:08:08 {"callers":["/home/wenhao/go/src/awesomeProject/blog/main.go: 25 main.init.0"],"level":"info","message":"eddycjy: go-programming-tour-book/ blog_service","time":1617808088489452938}
2021/04/08 16:01:30 {"callers":["/home/wenhao/go/src/awesomeProject/blog/main.go: 25 main.init.0"],"level":"info","message":"eddycjy: go-programming-tour-book/ blog_service","time":1617868890522894150}
2021/04/08 16:03:28 {"callers":["/home/wenhao/go/src/awesomeProject/blog/main.go: 25 main.init.0"],"level":"info","message":"eddycjy: go-programming-tour-book/ blog_service","time":1617869008837190561}
2021/04/08 16:22:50 {"callers":["/home/wenhao/go/src/awesomeProject/blog/main.go: 25 main.init.0"],"level":"info","message":"eddycjy: go-programming-tour-book/ blog_service","time":1617870170127972513}
2021/04/08 16:33:24 {"callers":["/home/wenhao/go/src/awesomeProject/blog/main.go: 25 main.init.0"],"level":"info","message":"eddycjy: go-programming-tour-book/ blog_service","time":1617870804985484814}
2021/04/08 16:37:36 {"callers":["/home/wenhao/go/src/awesomeProject/blog/main.go: 25 main.init.0"],"level":"info","message":"eddycjy: go-programming-tour-book/ blog_service","time":1617871056102368520}
2021/04/08 16:52:12 {"callers":["/home/wenhao/go/src/awesomeProject/blog/main.go: 25 main.init.0"],"level":"info","message":"eddycjy: go-programming-tour-book/ blog_service","time":1617871932610431251}
2021/04/08 17:02:46 {"callers":["/home/wenhao/go/src/awesomeProject/blog/main.go: 25 main.init.0"],"level":"info","message":"eddycjy: go-programming-tour-book/ blog_service","time":1617872566128229308}
2021/04/11 12:06:33 {"callers":["/home/wenhao/go/src/awesomeProject/blog/main.go: 25 main.init.0"],"level":"info","message":"eddycjy: go-programming-tour-book/ blog_service","time":1618113993447253890}
2021/04/11 14:10:17 {"callers":["/home/wenhao/go/src/awesomeProject/blog/main.go: 25 main.init.0"],"level":"info","message":"eddycjy: go-programming-tour-book/ blog_service","time":1618121417062596729}
2021/04/11 14:11:09 {"callers":["/home/wenhao/go/src/awesomeProject/blog/main.go: 25 main.init.0"],"level":"error","message":"svc.CheckAuth err: auth info does not exist.","time":1618121469555614121}
2021/04/11 14:11:29 {"callers":["/home/wenhao/go/src/awesomeProject/blog/main.go: 25 main.init.0"],"level":"error","message":"app.GenerateToken errs:key is of invalid type","time":1618121489035147999}
2021/04/11 14:12:14 {"callers":["/home/wenhao/go/src/awesomeProject/blog/main.go: 25 main.init.0"],"level":"error","message":"app.GenerateToken errs:key is of invalid type","time":1618121534671242844}
2021/04/11 14:13:54 {"callers":["/home/wenhao/go/src/awesomeProject/blog/main.go: 25 main.init.0"],"level":"info","message":"eddycjy: go-programming-tour-book/ blog_service","time":1618121634452412098}
2021/04/11 14:13:57 {"callers":["/home/wenhao/go/src/awesomeProject/blog/main.go: 25 main.init.0"],"level":"error","message":"app.GenerateToken errs:key is of invalid type","time":1618121637637952529}
2021/04/11 14:43:58 {"callers":["/home/wenhao/go/src/awesomeProject/blog/main.go: 25 main.init.0"],"level":"info","message":"eddycjy: go-programming-tour-book/ blog_service","time":1618123438866505072}
2021/04/11 14:44:06 {"callers":["/home/wenhao/go/src/awesomeProject/blog/main.go: 25 main.init.0"],"level":"error","message":"app.GenerateToken errs:key is of invalid type","time":1618123446068906002}
2021/04/11 14:50:31 {"callers":["/home/wenhao/go/src/awesomeProject/blog/main.go: 25 main.init.0"],"level":"error","message":"svc.CheckAuth err: auth info does not exist.","time":1618123831805919517}
2021/04/11 14:50:38 {"callers":["/home/wenhao/go/src/awesomeProject/blog/main.go: 25 main.init.0"],"level":"error","message":"app.GenerateToken errs:key is of invalid type","time":1618123838670210560}
2021/04/11 14:59:53 {"callers":["/home/wenhao/go/src/awesomeProject/blog/main.go: 25 main.init.0"],"level":"info","message":"eddycjy: go-programming-tour-book/ blog_service","time":1618124393906096114}
2021/04/11 15:00:00 {"callers":["/home/wenhao/go/src/awesomeProject/blog/main.go: 25 main.init.0"],"level":"error","message":"app.GenerateToken errs:key is invalid","time":1618124400117881848}
2021/04/11 15:07:14 {"callers":["/home/wenhao/go/src/awesomeProject/blog/main.go: 25 main.init.0"],"level":"info","message":"eddycjy: go-programming-tour-book/ blog_service","time":1618124834408450154}
2021/04/11 15:07:19 {"callers":["/home/wenhao/go/src/awesomeProject/blog/main.go: 25 main.init.0"],"level":"error","message":"svc.CheckAuth err: auth info does not exist.","time":1618124839899504523}
2021/04/11 15:07:29 {"callers":["/home/wenhao/go/src/awesomeProject/blog/main.go: 25 main.init.0"],"level":"error","message":"app.GenerateToken errs:key is of invalid type","time":1618124849550680780}
2021/04/11 15:26:40 {"callers":["/home/wenhao/go/src/awesomeProject/blog/main.go: 25 main.init.0"],"level":"info","message":"eddycjy: go-programming-tour-book/ blog_service","time":1618126000191189003}
2021/04/11 15:28:38 {"callers":["/home/wenhao/go/src/awesomeProject/blog/main.go: 25 main.init.0"],"level":"error","message":"app.bindAndValid errs: AppKey为必填字段,AppSecret为必填字段","time":1618126118971854772}
2021/04/11 15:28:51 {"callers":["/home/wenhao/go/src/awesomeProject/blog/main.go: 25 main.init.0"],"level":"error","message":"app.GenerateToken errs:key is of invalid type","time":1618126131551922673}
2021/04/11 15:52:10 {"callers":["/home/wenhao/go/src/awesomeProject/blog/main.go: 25 main.init.0"],"level":"info","message":"eddycjy: go-programming-tour-book/ blog_service","time":1618127530924142333}
2021/04/12 21:11:21 {"callers":["/home/wenhao/go/src/awesomeProject/blog/main.go: 26 main.init.0"],"level":"info","message":"eddycjy: go-programming-tour-book/ blog_service","time":1618233081326985559}
2021/04/12 21:20:56 {"callers":["/home/wenhao/go/src/awesomeProject/blog/main.go: 26 main.init.0"],"level":"info","message":"eddycjy: go-programming-tour-book/ blog_service","time":1618233656886550089}
